<?xml version="1.0" encoding="UTF-8"?>
<testsuites name="LOS-WEB Full Cycle" time="111.244" tests="7" failures="0" errors="0">
   <testsuite name="LOS-WEB Full Cycle" tests="7" failures="0" errors="0" time="111.244" skipped="0" timestamp="2023-06-21 15:38:02" hostname="a.miranda.local - cmit-amiranda" id="Test Suites/LOS-WEB Full Cycle">
      <properties>
         <property name="deviceName" value=""/>
         <property name="devicePlatform" value=""/>
         <property name="logFolder" value="C:\\Users\\mri-user\\git\\LOS-WEB\\Reports\\20230621_153758\\LOS-WEB Full Cycle\\20230621_153759"/>
         <property name="logFiles" value="C:\\Users\\mri-user\\git\\LOS-WEB\\Reports\\20230621_153758\\LOS-WEB Full Cycle\\20230621_153759\\execution0.log"/>
         <property name="attachments" value="C:\\Users\\mri-user\\git\\LOS-WEB\\Reports\\20230621_153758\\LOS-WEB Full Cycle\\20230621_153759\\1687333142223.png"/>
         <property name="hostName" value="a.miranda.local - cmit-amiranda"/>
         <property name="os" value="Windows 10 64bit"/>
         <property name="katalonVersion" value="8.6.0.208"/>
         <property name="browser" value="Chrome 114.0.0.0"/>
         <property name="hostAddress" value="10.200.54.69"/>
         <property name="sessionId" value="b15f10948baba01eb0004b0f903513f3"/>
         <property name="seleniumVersion" value="3.141.59"/>
         <property name="proxyInformation" value="ProxyInformation { proxyOption=NO_PROXY, proxyServerType=HTTP, username=, password=********, proxyServerAddress=, proxyServerPort=0, executionList=&quot;&quot;, isApplyToDesiredCapabilities=true }"/>
         <property name="platform" value="Windows 10"/>
      </properties>
      <testcase name="Test Cases/LOS RBI/Login" time="13.54" classname="Test Cases/LOS RBI/Login" status="PASSED">
         <system-out><![CDATA[2023-06-21 15:38:02 - [TEST_CASE][PASSED] - Test Cases/LOS RBI/Login: Test Cases/LOS RBI/Login

2023-06-21 15:38:03 - [TEST_STEP][PASSED] - openBrowser(""): Browser is opened with url: ''

2023-06-21 15:38:03 - [MESSAGE][INFO] - Starting 'Chrome' driver

2023-06-21 15:38:03 - [MESSAGE][INFO] - Action delay is set to 0 milliseconds

2023-06-21 15:38:05 - [MESSAGE][PASSED] - Browser is opened with url: ''

2023-06-21 15:38:05 - [TEST_STEP][PASSED] - maximizeWindow(): Current window maximized

2023-06-21 15:38:05 - [MESSAGE][PASSED] - Current window maximized

2023-06-21 15:38:05 - [TEST_STEP][PASSED] - navigateToUrl(URL_RBI): Navigate to 'https://losrbitest.cardmri.com:8446/LOSWEB/login' successfully

2023-06-21 15:38:07 - [MESSAGE][PASSED] - Navigate to 'https://losrbitest.cardmri.com:8446/LOSWEB/login' successfully

2023-06-21 15:38:07 - [TEST_STEP][PASSED] - click(findTestObject("Object Repository/Page_LOS Web - Login/label_Username")): Object: 'Object Repository/Page_LOS Web - Login/label_Username' is clicked on

2023-06-21 15:38:07 - [MESSAGE][PASSED] - Object: 'Object Repository/Page_LOS Web - Login/label_Username' is clicked on

2023-06-21 15:38:07 - [TEST_STEP][PASSED] - setText(findTestObject("Object Repository/Page_LOS Web - Login/input_LOAN ORIGINATION SYSTEM (LOS) Web_userName"), USERNAME_RBI): Text 'casuperales' is set on object 'Object Repository/Page_LOS Web - Login/input_LOAN ORIGINATION SYSTEM (LOS) Web_userName'

2023-06-21 15:38:08 - [MESSAGE][PASSED] - Text 'casuperales' is set on object 'Object Repository/Page_LOS Web - Login/input_LOAN ORIGINATION SYSTEM (LOS) Web_userName'

2023-06-21 15:38:08 - [TEST_STEP][PASSED] - setEncryptedText(findTestObject("Object Repository/Page_LOS Web - Login/input_Username_userPass"), PASSWORD_RBI): Text ****** has been set on object 'Object Repository/Page_LOS Web - Login/input_Username_userPass'

2023-06-21 15:38:09 - [MESSAGE][PASSED] - Text ****** has been set on object 'Object Repository/Page_LOS Web - Login/input_Username_userPass'

2023-06-21 15:38:09 - [TEST_STEP][PASSED] - click(findTestObject("Object Repository/Page_LOS Web - Login/button_Login")): Object: 'Object Repository/Page_LOS Web - Login/button_Login' is clicked on

2023-06-21 15:38:11 - [MESSAGE][PASSED] - Object: 'Object Repository/Page_LOS Web - Login/button_Login' is clicked on

2023-06-21 15:38:11 - [TEST_STEP][PASSED] - delay(5): Delayed 5 second(s)

2023-06-21 15:38:16 - [MESSAGE][PASSED] - Delayed 5 second(s)]]></system-out>
         <system-err><![CDATA[]]></system-err>
      </testcase>
      <testcase name="Test Cases/LOS RBI/Dashboard/CID and view ePN" time="25.938" classname="Test Cases/LOS RBI/Dashboard/CID and view ePN" status="PASSED">
         <system-out><![CDATA[2023-06-21 15:38:16 - [TEST_CASE][PASSED] - Test Cases/LOS RBI/Dashboard/CID and view ePN: Test Cases/LOS RBI/Dashboard/CID and view ePN

2023-06-21 15:38:17 - [TEST_STEP][PASSED] - setText(findTestObject("Object Repository/Page_LOS Web HomePage/input_Thursday, June 8, 2023_txtSearchCID"), "1030091995"): Text '1030091995' is set on object 'Object Repository/Page_LOS Web HomePage/input_Thursday, June 8, 2023_txtSearchCID'

2023-06-21 15:38:18 - [MESSAGE][PASSED] - Text '1030091995' is set on object 'Object Repository/Page_LOS Web HomePage/input_Thursday, June 8, 2023_txtSearchCID'

2023-06-21 15:38:18 - [TEST_STEP][PASSED] - click(findTestObject("Object Repository/Page_LOS Web HomePage/button_Search")): Object: 'Object Repository/Page_LOS Web HomePage/button_Search' is clicked on

2023-06-21 15:38:20 - [MESSAGE][PASSED] - Object: 'Object Repository/Page_LOS Web HomePage/button_Search' is clicked on

2023-06-21 15:38:20 - [TEST_STEP][PASSED] - delay(3): Delayed 3 second(s)

2023-06-21 15:38:23 - [MESSAGE][PASSED] - Delayed 3 second(s)

2023-06-21 15:38:23 - [TEST_STEP][PASSED] - scrollToPosition(0, 150): Browser is scrolled to position x = 0, y = 150

2023-06-21 15:38:23 - [MESSAGE][PASSED] - Browser is scrolled to position x = 0, y = 150

2023-06-21 15:38:23 - [TEST_STEP][PASSED] - delay(3): Delayed 3 second(s)

2023-06-21 15:38:26 - [MESSAGE][PASSED] - Delayed 3 second(s)

2023-06-21 15:38:26 - [TEST_STEP][PASSED] - click(findTestObject("Object Repository/SpyWeb_Elements/Page_LOS Web HomePage/Dashboard/Page_LOS Web HomePage/a_64e443173f8090c620230605085556467")): Object: 'Object Repository/SpyWeb_Elements/Page_LOS Web HomePage/Dashboard/Page_LOS Web HomePage/a_64e443173f8090c620230605085556467' is clicked on

2023-06-21 15:38:27 - [MESSAGE][PASSED] - Object: 'Object Repository/SpyWeb_Elements/Page_LOS Web HomePage/Dashboard/Page_LOS Web HomePage/a_64e443173f8090c620230605085556467' is clicked on

2023-06-21 15:38:27 - [TEST_STEP][PASSED] - delay(10): Delayed 10 second(s)

2023-06-21 15:38:37 - [MESSAGE][PASSED] - Delayed 10 second(s)

2023-06-21 15:38:37 - [TEST_STEP][PASSED] - switchToWindowIndex(0): Switched to window with index: '0'

2023-06-21 15:38:37 - [MESSAGE][PASSED] - Switched to window with index: '0'

2023-06-21 15:38:37 - [TEST_STEP][PASSED] - delay(5): Delayed 5 second(s)

2023-06-21 15:38:42 - [MESSAGE][PASSED] - Delayed 5 second(s)

2023-06-21 15:38:42 - [TEST_STEP][PASSED] - closeWindowIndex(1): Window with index 1 is closed

2023-06-21 15:38:42 - [MESSAGE][PASSED] - Window with index 1 is closed

2023-06-21 15:38:42 - [TEST_STEP][PASSED] - switchToWindowIndex(0): Switched to window with index: '0'

2023-06-21 15:38:42 - [MESSAGE][PASSED] - Switched to window with index: '0']]></system-out>
         <system-err><![CDATA[]]></system-err>
      </testcase>
      <testcase name="Test Cases/LOS RBI/Loan Matrix/Loan Amount/ADD" time="13.493" classname="Test Cases/LOS RBI/Loan Matrix/Loan Amount/ADD" status="PASSED">
         <system-out><![CDATA[2023-06-21 15:38:42 - [TEST_CASE][PASSED] - Test Cases/LOS RBI/Loan Matrix/Loan Amount/ADD: Test Cases/LOS RBI/Loan Matrix/Loan Amount/ADD

2023-06-21 15:38:42 - [TEST_STEP][PASSED] - MinLa = new java.util.Random(): null

2023-06-21 15:38:42 - [TEST_STEP][PASSED] - MinimumLA = MinLa.nextInt(9000) + 1000: null

2023-06-21 15:38:43 - [TEST_STEP][PASSED] - MaxLa = new java.util.Random(): null

2023-06-21 15:38:43 - [TEST_STEP][PASSED] - MaximumLA = MaxLa.nextInt(90000) + 10000: null

2023-06-21 15:38:43 - [TEST_STEP][PASSED] - click(findTestObject("Object Repository/Page_LOS Web HomePage/a_Loan Matrix")): Object: 'Object Repository/Page_LOS Web HomePage/a_Loan Matrix' is clicked on

2023-06-21 15:38:43 - [MESSAGE][PASSED] - Object: 'Object Repository/Page_LOS Web HomePage/a_Loan Matrix' is clicked on

2023-06-21 15:38:43 - [TEST_STEP][PASSED] - click(findTestObject("Object Repository/Page_LOS Web HomePage/span_Loan Amount Matrix")): Object: 'Object Repository/Page_LOS Web HomePage/span_Loan Amount Matrix' is clicked on

2023-06-21 15:38:45 - [MESSAGE][PASSED] - Object: 'Object Repository/Page_LOS Web HomePage/span_Loan Amount Matrix' is clicked on

2023-06-21 15:38:45 - [TEST_STEP][PASSED] - click(findTestObject("Object Repository/Page_LOS Web HomePage/button_Add New Loan Matrix")): Object: 'Object Repository/Page_LOS Web HomePage/button_Add New Loan Matrix' is clicked on

2023-06-21 15:38:45 - [MESSAGE][PASSED] - Object: 'Object Repository/Page_LOS Web HomePage/button_Add New Loan Matrix' is clicked on

2023-06-21 15:38:45 - [TEST_STEP][PASSED] - setText(findTestObject("Page_LOS Web HomePage/input__txtMinAmount"), MinimumLA.toString()): Text '6503' is set on object 'Object Repository/Page_LOS Web HomePage/input__txtMinAmount'

2023-06-21 15:38:47 - [MESSAGE][PASSED] - Text '6503' is set on object 'Object Repository/Page_LOS Web HomePage/input__txtMinAmount'

2023-06-21 15:38:47 - [TEST_STEP][PASSED] - setText(findTestObject("Object Repository/Page_LOS Web HomePage/input_Minimum Amount_txtMaxAmount"), MaximumLA.toString()): Text '90584' is set on object 'Object Repository/Page_LOS Web HomePage/input_Minimum Amount_txtMaxAmount'

2023-06-21 15:38:47 - [MESSAGE][PASSED] - Text '90584' is set on object 'Object Repository/Page_LOS Web HomePage/input_Minimum Amount_txtMaxAmount'

2023-06-21 15:38:47 - [TEST_STEP][PASSED] - selectOptionByValue(findTestObject("Object Repository/Page_LOS Web HomePage/select_Please Select Role Account Officer S_1fb818"), "1016", true): All options with value '1016' are selected in object 'Object Repository/Page_LOS Web HomePage/select_Please Select Role Account Officer S_1fb818'  using regular expression

2023-06-21 15:38:50 - [MESSAGE][PASSED] - All options with value '1016' are selected in object 'Object Repository/Page_LOS Web HomePage/select_Please Select Role Account Officer S_1fb818'  using regular expression

2023-06-21 15:38:50 - [TEST_STEP][PASSED] - selectOptionByValue(findTestObject("Object Repository/Page_LOS Web HomePage/select_Please Select Action Recommendation _3b373a"), "1", true): All options with value '1' are selected in object 'Object Repository/Page_LOS Web HomePage/select_Please Select Action Recommendation _3b373a'  using regular expression

2023-06-21 15:38:51 - [MESSAGE][PASSED] - All options with value '1' are selected in object 'Object Repository/Page_LOS Web HomePage/select_Please Select Action Recommendation _3b373a'  using regular expression

2023-06-21 15:38:51 - [TEST_STEP][PASSED] - click(findTestObject("Object Repository/Page_LOS Web HomePage/button_Save")): Object: 'Object Repository/Page_LOS Web HomePage/button_Save' is clicked on

2023-06-21 15:38:52 - [MESSAGE][PASSED] - Object: 'Object Repository/Page_LOS Web HomePage/button_Save' is clicked on

2023-06-21 15:38:52 - [TEST_STEP][PASSED] - acceptAlert(): Alert accepted

2023-06-21 15:38:52 - [MESSAGE][PASSED] - Alert accepted

2023-06-21 15:38:52 - [TEST_STEP][PASSED] - acceptAlert(): Alert accepted

2023-06-21 15:38:52 - [MESSAGE][PASSED] - Alert accepted

2023-06-21 15:38:52 - [TEST_STEP][PASSED] - delay(3): Delayed 3 second(s)

2023-06-21 15:38:55 - [MESSAGE][PASSED] - Delayed 3 second(s)]]></system-out>
         <system-err><![CDATA[]]></system-err>
      </testcase>
      <testcase name="Test Cases/LOS RBI/Loan Matrix/Loan Amount/EDIT" time="8.12" classname="Test Cases/LOS RBI/Loan Matrix/Loan Amount/EDIT" status="PASSED">
         <system-out><![CDATA[2023-06-21 15:39:02 - [TEST_CASE][PASSED] - Test Cases/LOS RBI/Loan Matrix/Loan Amount/EDIT: Test Cases/LOS RBI/Loan Matrix/Loan Amount/EDIT

2023-06-21 15:39:02 - [TEST_STEP][PASSED] - setText(findTestObject("Object Repository/Page_LOS Web HomePage/input_search"), "super"): Text 'super' is set on object 'Object Repository/Page_LOS Web HomePage/input_search'

2023-06-21 15:39:03 - [MESSAGE][PASSED] - Text 'super' is set on object 'Object Repository/Page_LOS Web HomePage/input_search'

2023-06-21 15:39:03 - [TEST_STEP][PASSED] - click(findTestObject("Object Repository/Page_LOS Web HomePage/button_Description_btnUpdateLoan")): Object: 'Object Repository/Page_LOS Web HomePage/button_Description_btnUpdateLoan' is clicked on

2023-06-21 15:39:04 - [MESSAGE][PASSED] - Object: 'Object Repository/Page_LOS Web HomePage/button_Description_btnUpdateLoan' is clicked on

2023-06-21 15:39:04 - [TEST_STEP][PASSED] - selectOptionByValue(findTestObject("Object Repository/Page_LOS Web HomePage/select_Recommendation Approval"), "2", true): All options with value '2' are selected in object 'Object Repository/Page_LOS Web HomePage/select_Recommendation Approval'  using regular expression

2023-06-21 15:39:06 - [MESSAGE][PASSED] - All options with value '2' are selected in object 'Object Repository/Page_LOS Web HomePage/select_Recommendation Approval'  using regular expression

2023-06-21 15:39:06 - [TEST_STEP][PASSED] - click(findTestObject("Object Repository/Page_LOS Web HomePage/button_Update")): Object: 'Object Repository/Page_LOS Web HomePage/button_Update' is clicked on

2023-06-21 15:39:07 - [MESSAGE][PASSED] - Object: 'Object Repository/Page_LOS Web HomePage/button_Update' is clicked on

2023-06-21 15:39:07 - [TEST_STEP][PASSED] - acceptAlert(): Alert accepted

2023-06-21 15:39:07 - [MESSAGE][PASSED] - Alert accepted

2023-06-21 15:39:07 - [TEST_STEP][PASSED] - acceptAlert(): Alert accepted

2023-06-21 15:39:07 - [MESSAGE][PASSED] - Alert accepted

2023-06-21 15:39:07 - [TEST_STEP][PASSED] - delay(3): Delayed 3 second(s)

2023-06-21 15:39:10 - [MESSAGE][PASSED] - Delayed 3 second(s)]]></system-out>
         <system-err><![CDATA[]]></system-err>
      </testcase>
      <testcase name="Test Cases/LOS RBI/Loan Matrix/Loan Amount/DELETE" time="13.316" classname="Test Cases/LOS RBI/Loan Matrix/Loan Amount/DELETE" status="PASSED">
         <system-out><![CDATA[2023-06-21 15:39:10 - [TEST_CASE][PASSED] - Test Cases/LOS RBI/Loan Matrix/Loan Amount/DELETE: Test Cases/LOS RBI/Loan Matrix/Loan Amount/DELETE

2023-06-21 15:39:11 - [TEST_STEP][PASSED] - setText(findTestObject("Object Repository/Page_LOS Web HomePage/input_search"), "Super"): Text 'Super' is set on object 'Object Repository/Page_LOS Web HomePage/input_search'

2023-06-21 15:39:12 - [MESSAGE][PASSED] - Text 'Super' is set on object 'Object Repository/Page_LOS Web HomePage/input_search'

2023-06-21 15:39:12 - [TEST_STEP][PASSED] - click(findTestObject("Object Repository/Page_LOS Web HomePage/button_Description_btnDeleteMatrix")): Object: 'Object Repository/Page_LOS Web HomePage/button_Description_btnDeleteMatrix' is clicked on

2023-06-21 15:39:13 - [MESSAGE][INFO] - Unable to find the element located by 'By.xpath: //button[@id='delMatrix_101,3588,90608,Super Admin,Approval']'. Please recheck the objects properties to make sure the desired element is located. 

2023-06-21 15:39:13 - [MESSAGE][WARNING] - [SELF-HEALING] Failed to find element with id 'Object Repository/Page_LOS Web HomePage/button_Description_btnDeleteMatrix'. Try using Self-healing.

2023-06-21 15:39:14 - [MESSAGE][WARNING] - [SELF-HEALING] The current locator of test object 'Object Repository/Page_LOS Web HomePage/button_Description_btnDeleteMatrix' was broken. Propose an alternative one: '//table[@id='datatable-keytable']/tbody/tr/td/button[2]'.

2023-06-21 15:39:14 - [MESSAGE][PASSED] - Object: 'Object Repository/Page_LOS Web HomePage/button_Description_btnDeleteMatrix' is clicked on

2023-06-21 15:39:14 - [TEST_STEP][PASSED] - acceptAlert(): Alert accepted

2023-06-21 15:39:14 - [MESSAGE][PASSED] - Alert accepted

2023-06-21 15:39:14 - [TEST_STEP][PASSED] - acceptAlert(): Alert accepted

2023-06-21 15:39:14 - [MESSAGE][PASSED] - Alert accepted

2023-06-21 15:39:14 - [TEST_STEP][PASSED] - delay(3): Delayed 3 second(s)

2023-06-21 15:39:17 - [MESSAGE][PASSED] - Delayed 3 second(s)

2023-06-21 15:39:17 - [TEST_STEP][PASSED] - setText(findTestObject("Object Repository/Page_LOS Web HomePage/input_search"), "super"): Text 'super' is set on object 'Object Repository/Page_LOS Web HomePage/input_search'

2023-06-21 15:39:18 - [MESSAGE][PASSED] - Text 'super' is set on object 'Object Repository/Page_LOS Web HomePage/input_search'

2023-06-21 15:39:18 - [TEST_STEP][PASSED] - delay(5): Delayed 5 second(s)

2023-06-21 15:39:23 - [MESSAGE][PASSED] - Delayed 5 second(s)]]></system-out>
         <system-err><![CDATA[]]></system-err>
      </testcase>
      <testcase name="Test Cases/LOS RBI/Reports/Audit Trail Reports/ATR Generate in PDF" time="26.559" classname="Test Cases/LOS RBI/Reports/Audit Trail Reports/ATR Generate in PDF" status="PASSED">
         <system-out><![CDATA[2023-06-21 15:39:23 - [TEST_CASE][PASSED] - Test Cases/LOS RBI/Reports/Audit Trail Reports/ATR Generate in PDF: Test Cases/LOS RBI/Reports/Audit Trail Reports/ATR Generate in PDF

2023-06-21 15:39:24 - [TEST_STEP][PASSED] - click(findTestObject("Object Repository/Page_LOS Web HomePage/span_Reports")): Object: 'Object Repository/Page_LOS Web HomePage/span_Reports' is clicked on

2023-06-21 15:39:25 - [MESSAGE][PASSED] - Object: 'Object Repository/Page_LOS Web HomePage/span_Reports' is clicked on

2023-06-21 15:39:25 - [TEST_STEP][PASSED] - click(findTestObject("Object Repository/Page_LOS Web HomePage/span_Audit Trail Report")): Object: 'Object Repository/Page_LOS Web HomePage/span_Audit Trail Report' is clicked on

2023-06-21 15:39:26 - [MESSAGE][PASSED] - Object: 'Object Repository/Page_LOS Web HomePage/span_Audit Trail Report' is clicked on

2023-06-21 15:39:26 - [TEST_STEP][PASSED] - today = new java.util.Date(): null

2023-06-21 15:39:26 - [TEST_STEP][PASSED] - dateFormat = new java.text.SimpleDateFormat(yyyy-MM-dd): null

2023-06-21 15:39:26 - [TEST_STEP][PASSED] - currentDate = dateFormat.format(today): null

2023-06-21 15:39:26 - [TEST_STEP][PASSED] - setText(findTestObject("Object Repository/Page_LOS Web HomePage/input__startDate1"), currentDate): Text '2023-06-21' is set on object 'Object Repository/Page_LOS Web HomePage/input__startDate1'

2023-06-21 15:39:28 - [MESSAGE][PASSED] - Text '2023-06-21' is set on object 'Object Repository/Page_LOS Web HomePage/input__startDate1'

2023-06-21 15:39:28 - [TEST_STEP][PASSED] - setText(findTestObject("Object Repository/Page_LOS Web HomePage/input__endDate1"), currentDate): Text '2023-06-21' is set on object 'Object Repository/Page_LOS Web HomePage/input__endDate1'

2023-06-21 15:39:28 - [MESSAGE][PASSED] - Text '2023-06-21' is set on object 'Object Repository/Page_LOS Web HomePage/input__endDate1'

2023-06-21 15:39:28 - [TEST_STEP][PASSED] - click(findTestObject("SpyWeb_Elements/Page_LOS Web HomePage/Audit_Trail/div_Audit Trail Report")): Object: 'Object Repository/SpyWeb_Elements/Page_LOS Web HomePage/Audit_Trail/div_Audit Trail Report' is clicked on

2023-06-21 15:39:29 - [MESSAGE][PASSED] - Object: 'Object Repository/SpyWeb_Elements/Page_LOS Web HomePage/Audit_Trail/div_Audit Trail Report' is clicked on

2023-06-21 15:39:29 - [TEST_STEP][PASSED] - click(findTestObject("Object Repository/Page_LOS Web HomePage/button_Generate in PDF")): Object: 'Object Repository/Page_LOS Web HomePage/button_Generate in PDF' is clicked on

2023-06-21 15:39:30 - [MESSAGE][PASSED] - Object: 'Object Repository/Page_LOS Web HomePage/button_Generate in PDF' is clicked on

2023-06-21 15:39:30 - [TEST_STEP][PASSED] - acceptAlert(): Alert accepted

2023-06-21 15:39:30 - [MESSAGE][PASSED] - Alert accepted

2023-06-21 15:39:30 - [TEST_STEP][PASSED] - delay(20): Delayed 20 second(s)

2023-06-21 15:39:50 - [MESSAGE][PASSED] - Delayed 20 second(s)

2023-06-21 15:39:50 - [TEST_STEP][PASSED] - click(findTestObject("SpyWeb_Elements/Page_LOS Web HomePage/Audit_Trail/Buttons/button_")): Object: 'Object Repository/SpyWeb_Elements/Page_LOS Web HomePage/Audit_Trail/Buttons/button_' is clicked on

2023-06-21 15:39:50 - [MESSAGE][PASSED] - Object: 'Object Repository/SpyWeb_Elements/Page_LOS Web HomePage/Audit_Trail/Buttons/button_' is clicked on

2023-06-21 15:39:50 - [TEST_STEP][PASSED] - switchToWindowIndex(0): Switched to window with index: '0'

2023-06-21 15:39:50 - [MESSAGE][PASSED] - Switched to window with index: '0'

2023-06-21 15:39:50 - [TEST_STEP][PASSED] - closeWindowIndex(1): Window with index 1 is closed

2023-06-21 15:39:50 - [MESSAGE][PASSED] - Window with index 1 is closed

2023-06-21 15:39:50 - [TEST_STEP][PASSED] - switchToWindowIndex(0): Switched to window with index: '0'

2023-06-21 15:39:50 - [MESSAGE][PASSED] - Switched to window with index: '0']]></system-out>
         <system-err><![CDATA[]]></system-err>
      </testcase>
      <testcase name="Test Cases/LOS RBI/Logout" time="3.241" classname="Test Cases/LOS RBI/Logout" status="PASSED">
         <system-out><![CDATA[2023-06-21 15:39:50 - [TEST_CASE][PASSED] - Test Cases/LOS RBI/Logout: Test Cases/LOS RBI/Logout

2023-06-21 15:39:51 - [TEST_STEP][PASSED] - click(findTestObject("Object Repository/Page_LOS Web HomePage/a_Logout")): Object: 'Object Repository/Page_LOS Web HomePage/a_Logout' is clicked on

2023-06-21 15:39:51 - [MESSAGE][PASSED] - Object: 'Object Repository/Page_LOS Web HomePage/a_Logout' is clicked on

2023-06-21 15:39:51 - [TEST_STEP][PASSED] - click(findTestObject("Object Repository/Page_LOS Web HomePage/a_Logout_1")): Object: 'Object Repository/Page_LOS Web HomePage/a_Logout_1' is clicked on

2023-06-21 15:39:52 - [MESSAGE][PASSED] - Object: 'Object Repository/Page_LOS Web HomePage/a_Logout_1' is clicked on

2023-06-21 15:39:52 - [TEST_STEP][PASSED] - closeBrowser(): Browser is closed

2023-06-21 15:39:53 - [MESSAGE][PASSED] - Browser is closed]]></system-out>
         <system-err><![CDATA[]]></system-err>
      </testcase>
      <system-out><![CDATA[2023-06-21 15:38:02 - [TEST_SUITE][FAILED] - LOS-WEB Full Cycle: Test Cases/LOS RBI/Loan Matrix/Loan Amount/EDIT FAILED.
Reason:
com.kms.katalon.core.exception.StepFailedException: Unable to accept alert
	at com.kms.katalon.core.webui.keyword.internal.WebUIKeywordMain.stepFailed(WebUIKeywordMain.groovy:64)
	at com.kms.katalon.core.webui.keyword.internal.WebUIKeywordMain.runKeyword(WebUIKeywordMain.groovy:26)
	at com.kms.katalon.core.webui.keyword.builtin.AcceptAlertKeyword.acceptAlert(AcceptAlertKeyword.groovy:71)
	at com.kms.katalon.core.webui.keyword.builtin.AcceptAlertKeyword.execute(AcceptAlertKeyword.groovy:66)
	at com.kms.katalon.core.keyword.internal.KeywordExecutor.executeKeywordForPlatform(KeywordExecutor.groovy:74)
	at com.kms.katalon.core.webui.keyword.WebUiBuiltInKeywords.acceptAlert(WebUiBuiltInKeywords.groovy:1522)
	at com.kms.katalon.core.webui.keyword.WebUiBuiltInKeywords$acceptAlert$9.call(Unknown Source)
	at EDIT.run(EDIT:37)
	at com.kms.katalon.core.main.ScriptEngine.run(ScriptEngine.java:194)
	at com.kms.katalon.core.main.ScriptEngine.runScriptAsRawText(ScriptEngine.java:119)
	at com.kms.katalon.core.main.TestCaseExecutor.runScript(TestCaseExecutor.java:448)
	at com.kms.katalon.core.main.TestCaseExecutor.doExecute(TestCaseExecutor.java:439)
	at com.kms.katalon.core.main.TestCaseExecutor.processExecutionPhase(TestCaseExecutor.java:418)
	at com.kms.katalon.core.main.TestCaseExecutor.accessMainPhase(TestCaseExecutor.java:410)
	at com.kms.katalon.core.main.TestCaseExecutor.execute(TestCaseExecutor.java:285)
	at com.kms.katalon.core.common.CommonExecutor.accessTestCaseMainPhase(CommonExecutor.java:65)
	at com.kms.katalon.core.main.TestSuiteExecutor.accessTestSuiteMainPhase(TestSuiteExecutor.java:148)
	at com.kms.katalon.core.main.TestSuiteExecutor.execute(TestSuiteExecutor.java:106)
	at com.kms.katalon.core.main.TestCaseMain.startTestSuite(TestCaseMain.java:187)
	at com.kms.katalon.core.main.TestCaseMain$startTestSuite$0.call(Unknown Source)
	at TempTestSuite1687333079865.run(TempTestSuite1687333079865.groovy:36)
Caused by: org.openqa.selenium.NoAlertPresentException: no such alert
  (Session info: chrome=114.0.5735.134)
Build info: version: '3.141.59', revision: 'e82be7d358', time: '2018-11-14T08:25:53'
System info: host: 'CMIT-AMIRANDA', ip: '10.200.54.69', os.name: 'Windows 10', os.arch: 'amd64', os.version: '10.0', java.version: '1.8.0_282'
Driver info: com.kms.katalon.selenium.driver.CChromeDriver
Capabilities {acceptInsecureCerts: false, browserName: chrome, browserVersion: 114.0.5735.134, chrome: {chromedriverVersion: 113.0.5672.63 (0e1a4471d5ae..., userDataDir: C:\Users\mri-user\AppData\L...}, goog:chromeOptions: {debuggerAddress: localhost:49705}, javascriptEnabled: true, networkConnectionEnabled: false, pageLoadStrategy: normal, platform: WINDOWS, platformName: WINDOWS, proxy: Proxy(), setWindowRect: true, strictFileInteractability: false, timeouts: {implicit: 0, pageLoad: 300000, script: 30000}, unhandledPromptBehavior: dismiss and notify, webauthn:extension:credBlob: true, webauthn:extension:largeBlob: true, webauthn:extension:minPinLength: true, webauthn:extension:prf: true, webauthn:virtualAuthenticators: true}
Session ID: b15f10948baba01eb0004b0f903513f3
	at org.openqa.selenium.remote.http.W3CHttpResponseCodec.createException(W3CHttpResponseCodec.java:187)
	at org.openqa.selenium.remote.http.W3CHttpResponseCodec.decode(W3CHttpResponseCodec.java:122)
	at org.openqa.selenium.remote.http.W3CHttpResponseCodec.decode(W3CHttpResponseCodec.java:49)
	at org.openqa.selenium.remote.HttpCommandExecutor.execute(HttpCommandExecutor.java:158)
	at org.openqa.selenium.remote.service.DriverCommandExecutor.execute(DriverCommandExecutor.java:83)
	at org.openqa.selenium.remote.RemoteWebDriver.execute(RemoteWebDriver.java:552)
	at com.kms.katalon.selenium.driver.CChromeDriver.execute(CChromeDriver.java:19)
	at org.openqa.selenium.remote.RemoteWebDriver.execute(RemoteWebDriver.java:609)
	at org.openqa.selenium.remote.RemoteWebDriver$RemoteAlert.accept(RemoteWebDriver.java:947)
	at org.openqa.selenium.support.events.EventFiringWebDriver$EventFiringAlert.accept(EventFiringWebDriver.java:795)
	at com.kms.katalon.core.webui.keyword.builtin.AcceptAlertKeyword$_acceptAlert_closure1.doCall(AcceptAlertKeyword.groovy:75)
	at com.kms.katalon.core.webui.keyword.builtin.AcceptAlertKeyword$_acceptAlert_closure1.call(AcceptAlertKeyword.groovy)
	at com.kms.katalon.core.webui.keyword.internal.WebUIKeywordMain.runKeyword(WebUIKeywordMain.groovy:20)
	... 19 more]]></system-out>
      <system-err><![CDATA[2023-06-21 15:38:02 - [TEST_SUITE][FAILED] - LOS-WEB Full Cycle: Test Cases/LOS RBI/Loan Matrix/Loan Amount/EDIT FAILED.
Reason:
com.kms.katalon.core.exception.StepFailedException: Unable to accept alert
	at com.kms.katalon.core.webui.keyword.internal.WebUIKeywordMain.stepFailed(WebUIKeywordMain.groovy:64)
	at com.kms.katalon.core.webui.keyword.internal.WebUIKeywordMain.runKeyword(WebUIKeywordMain.groovy:26)
	at com.kms.katalon.core.webui.keyword.builtin.AcceptAlertKeyword.acceptAlert(AcceptAlertKeyword.groovy:71)
	at com.kms.katalon.core.webui.keyword.builtin.AcceptAlertKeyword.execute(AcceptAlertKeyword.groovy:66)
	at com.kms.katalon.core.keyword.internal.KeywordExecutor.executeKeywordForPlatform(KeywordExecutor.groovy:74)
	at com.kms.katalon.core.webui.keyword.WebUiBuiltInKeywords.acceptAlert(WebUiBuiltInKeywords.groovy:1522)
	at com.kms.katalon.core.webui.keyword.WebUiBuiltInKeywords$acceptAlert$9.call(Unknown Source)
	at EDIT.run(EDIT:37)
	at com.kms.katalon.core.main.ScriptEngine.run(ScriptEngine.java:194)
	at com.kms.katalon.core.main.ScriptEngine.runScriptAsRawText(ScriptEngine.java:119)
	at com.kms.katalon.core.main.TestCaseExecutor.runScript(TestCaseExecutor.java:448)
	at com.kms.katalon.core.main.TestCaseExecutor.doExecute(TestCaseExecutor.java:439)
	at com.kms.katalon.core.main.TestCaseExecutor.processExecutionPhase(TestCaseExecutor.java:418)
	at com.kms.katalon.core.main.TestCaseExecutor.accessMainPhase(TestCaseExecutor.java:410)
	at com.kms.katalon.core.main.TestCaseExecutor.execute(TestCaseExecutor.java:285)
	at com.kms.katalon.core.common.CommonExecutor.accessTestCaseMainPhase(CommonExecutor.java:65)
	at com.kms.katalon.core.main.TestSuiteExecutor.accessTestSuiteMainPhase(TestSuiteExecutor.java:148)
	at com.kms.katalon.core.main.TestSuiteExecutor.execute(TestSuiteExecutor.java:106)
	at com.kms.katalon.core.main.TestCaseMain.startTestSuite(TestCaseMain.java:187)
	at com.kms.katalon.core.main.TestCaseMain$startTestSuite$0.call(Unknown Source)
	at TempTestSuite1687333079865.run(TempTestSuite1687333079865.groovy:36)
Caused by: org.openqa.selenium.NoAlertPresentException: no such alert
  (Session info: chrome=114.0.5735.134)
Build info: version: '3.141.59', revision: 'e82be7d358', time: '2018-11-14T08:25:53'
System info: host: 'CMIT-AMIRANDA', ip: '10.200.54.69', os.name: 'Windows 10', os.arch: 'amd64', os.version: '10.0', java.version: '1.8.0_282'
Driver info: com.kms.katalon.selenium.driver.CChromeDriver
Capabilities {acceptInsecureCerts: false, browserName: chrome, browserVersion: 114.0.5735.134, chrome: {chromedriverVersion: 113.0.5672.63 (0e1a4471d5ae..., userDataDir: C:\Users\mri-user\AppData\L...}, goog:chromeOptions: {debuggerAddress: localhost:49705}, javascriptEnabled: true, networkConnectionEnabled: false, pageLoadStrategy: normal, platform: WINDOWS, platformName: WINDOWS, proxy: Proxy(), setWindowRect: true, strictFileInteractability: false, timeouts: {implicit: 0, pageLoad: 300000, script: 30000}, unhandledPromptBehavior: dismiss and notify, webauthn:extension:credBlob: true, webauthn:extension:largeBlob: true, webauthn:extension:minPinLength: true, webauthn:extension:prf: true, webauthn:virtualAuthenticators: true}
Session ID: b15f10948baba01eb0004b0f903513f3
	at org.openqa.selenium.remote.http.W3CHttpResponseCodec.createException(W3CHttpResponseCodec.java:187)
	at org.openqa.selenium.remote.http.W3CHttpResponseCodec.decode(W3CHttpResponseCodec.java:122)
	at org.openqa.selenium.remote.http.W3CHttpResponseCodec.decode(W3CHttpResponseCodec.java:49)
	at org.openqa.selenium.remote.HttpCommandExecutor.execute(HttpCommandExecutor.java:158)
	at org.openqa.selenium.remote.service.DriverCommandExecutor.execute(DriverCommandExecutor.java:83)
	at org.openqa.selenium.remote.RemoteWebDriver.execute(RemoteWebDriver.java:552)
	at com.kms.katalon.selenium.driver.CChromeDriver.execute(CChromeDriver.java:19)
	at org.openqa.selenium.remote.RemoteWebDriver.execute(RemoteWebDriver.java:609)
	at org.openqa.selenium.remote.RemoteWebDriver$RemoteAlert.accept(RemoteWebDriver.java:947)
	at org.openqa.selenium.support.events.EventFiringWebDriver$EventFiringAlert.accept(EventFiringWebDriver.java:795)
	at com.kms.katalon.core.webui.keyword.builtin.AcceptAlertKeyword$_acceptAlert_closure1.doCall(AcceptAlertKeyword.groovy:75)
	at com.kms.katalon.core.webui.keyword.builtin.AcceptAlertKeyword$_acceptAlert_closure1.call(AcceptAlertKeyword.groovy)
	at com.kms.katalon.core.webui.keyword.internal.WebUIKeywordMain.runKeyword(WebUIKeywordMain.groovy:20)
	... 19 more]]></system-err>
   </testsuite>
</testsuites>
